Build started 12/12/2015 1:17:57 AM.
     1>Project "C:\wamp\www\voxelquest\VoxelQuest\VoxelQuest.vcxproj" on node 2 (Build target(s)).
     1>PreBuildEvent:
         ../combine.bat
         :VCEnd
         cleaning files
         copying files to source
         .\src\cpp\f00025_includes.h
         .\src\cpp\f00026_enums.h
         .\src\cpp\f00027_mat.h
         .\src\cpp\f00028_vectors.h
         .\src\cpp\f00029_gameent.h
         .\src\cpp\f00030_json.h
         .\src\cpp\f00040_png.h
         .\src\cpp\f00215_helperfuncs.h
         .\src\cpp\f00217_helperclasses.h
         .\src\cpp\f00220_timer.h
         .\src\cpp\f00240_simplex.h
         .\src\cpp\f00250_imageloader.h
         .\src\cpp\f00251_fbos.h
         .\src\cpp\f00260_classdefs.h
         .\src\cpp\f00293_gamesound.hpp
         .\src\cpp\f00294_gamemusic.hpp
         .\src\cpp\f00300_singleton.hpp
         .\src\cpp\f00305_shader.hpp
         .\src\cpp\f00307_dynbuffer.hpp
         .\src\cpp\f00320_fontwrapper.hpp
         .\src\cpp\f00325_uicomponent.hpp
         .\src\cpp\f00330_gamegui.hpp
         .\src\cpp\f00332_gamenetwork.hpp
         .\src\cpp\f00335_gameai.hpp
         .\src\cpp\f00337_gamefluid.hpp
         .\src\cpp\f00338_gameorgnode.hpp
         .\src\cpp\f00339_gameorg.hpp
         .\src\cpp\f00340_gameplantnode.hpp
         .\src\cpp\f00341_gameplant.hpp
         .\src\cpp\f00347_gameactor.hpp
         .\src\cpp\f00351_gamepageholder.hpp
         .\src\cpp\f00352_gameblock.hpp
         .\src\cpp\f00355_volumewrapper.hpp
         .\src\cpp\f00360_threadpoolwrapper.hpp
         .\src\cpp\f00370_gamelogic.hpp
         .\src\cpp\f00373_myshapedrawer.hpp
         .\src\cpp\f00374_myglhelper.hpp
         .\src\cpp\f00375_gamephysics.hpp
         .\src\cpp\f00380_gameworld.hpp
         .\src\cpp\f00500_mainfuncs.h
         40 File(s) copied
         running lzz
         Missing operator.
         tot hpp
         25
         copying headers to one file
         .\f00293_gamesound.e
         .\f00294_gamemusic.e
         .\f00300_singleton.e
         .\f00305_shader.e
         .\f00307_dynbuffer.e
         .\f00320_fontwrapper.e
         .\f00325_uicomponent.e
         .\f00330_gamegui.e
         .\f00332_gamenetwork.e
         .\f00335_gameai.e
         .\f00337_gamefluid.e
         .\f00338_gameorgnode.e
         .\f00339_gameorg.e
         .\f00340_gameplantnode.e
         .\f00341_gameplant.e
         .\f00347_gameactor.e
         .\f00351_gamepageholder.e
         .\f00352_gameblock.e
         .\f00355_volumewrapper.e
         .\f00360_threadpoolwrapper.e
         .\f00370_gamelogic.e
         .\f00373_myshapedrawer.e
         .\f00374_myglhelper.e
         .\f00375_gamephysics.e
         .\f00380_gameworld.e
                 1 file(s) copied.
         Missing operator.
         tot e
         25
         .
         copying files to compiled
         .\temp\f00293_gamesound.e
         .\temp\f00294_gamemusic.e
         .\temp\f00300_singleton.e
         .\temp\f00305_shader.e
         .\temp\f00307_dynbuffer.e
         .\temp\f00320_fontwrapper.e
         .\temp\f00325_uicomponent.e
         .\temp\f00330_gamegui.e
         .\temp\f00332_gamenetwork.e
         .\temp\f00335_gameai.e
         .\temp\f00337_gamefluid.e
         .\temp\f00338_gameorgnode.e
         .\temp\f00339_gameorg.e
         .\temp\f00340_gameplantnode.e
         .\temp\f00341_gameplant.e
         .\temp\f00347_gameactor.e
         .\temp\f00351_gamepageholder.e
         .\temp\f00352_gameblock.e
         .\temp\f00355_volumewrapper.e
         .\temp\f00360_threadpoolwrapper.e
         .\temp\f00370_gamelogic.e
         .\temp\f00373_myshapedrawer.e
         .\temp\f00374_myglhelper.e
         .\temp\f00375_gamephysics.e
         .\temp\f00380_gameworld.e
         25 File(s) copied
         .\temp\f00025_includes.h
         .\temp\f00026_enums.h
         .\temp\f00027_mat.h
         .\temp\f00028_vectors.h
         .\temp\f00029_gameent.h
         .\temp\f00030_json.h
         .\temp\f00040_png.h
         .\temp\f00215_helperfuncs.h
         .\temp\f00217_helperclasses.h
         .\temp\f00220_timer.h
         .\temp\f00240_simplex.h
         .\temp\f00250_imageloader.h
         .\temp\f00251_fbos.h
         .\temp\f00260_classdefs.h
         .\temp\f00270_headers.h
         .\temp\f00293_gamesound.h
         .\temp\f00294_gamemusic.h
         .\temp\f00300_singleton.h
         .\temp\f00305_shader.h
         .\temp\f00307_dynbuffer.h
         .\temp\f00320_fontwrapper.h
         .\temp\f00325_uicomponent.h
         .\temp\f00330_gamegui.h
         .\temp\f00332_gamenetwork.h
         .\temp\f00335_gameai.h
         .\temp\f00337_gamefluid.h
         .\temp\f00338_gameorgnode.h
         .\temp\f00339_gameorg.h
         .\temp\f00340_gameplantnode.h
         .\temp\f00341_gameplant.h
         .\temp\f00347_gameactor.h
         .\temp\f00351_gamepageholder.h
         .\temp\f00352_gameblock.h
         .\temp\f00355_volumewrapper.h
         .\temp\f00360_threadpoolwrapper.h
         .\temp\f00370_gamelogic.h
         .\temp\f00373_myshapedrawer.h
         .\temp\f00374_myglhelper.h
         .\temp\f00375_gamephysics.h
         .\temp\f00380_gameworld.h
         .\temp\f00500_mainfuncs.h
                 1 file(s) copied.
       ClCompile:
         C:\Program Files (x86)\Microsoft Visual Studio 11.0\VC\bin\x86_amd64\CL.exe /c /Zi /nologo /W1 /WX- /sdl /Ox /Oi /GL /D _CRT_SECURE_NO_WARNINGS /D SFML_STATIC /D WIN32 /D NDEBUG /D _CONSOLE /D _UNICODE /D UNICODE /Gm- /EHsc /MT /GS /Gy /fp:precise /Zc:wchar_t /Zc:forScope /Fo"x64\Release\\" /Fd"x64\Release\vc110.pdb" /Gd /TP /errorReport:prompt ..\compiled\main.cpp
         main.cpp
       Link:
         C:\Program Files (x86)\Microsoft Visual Studio 11.0\VC\bin\x86_amd64\link.exe /ERRORREPORT:PROMPT /OUT:"C:\wamp\www\voxelquest\x64\Release\VoxelQuest.exe" /INCREMENTAL:NO /NOLOGO /LIBPATH:C:\wamp\www\voxelquest\glew\lib /LIBPATH:"C:\Program Files (x86)\Windows Kits\8.0\Lib\win8\um\x64" /LIBPATH:"C:\Program Files (x86)\Microsoft Visual Studio 11.0\VC\lib\amd64" /LIBPATH:"C:\Program Files (x86)\Microsoft SDKs\Windows\v7.1A\Lib\x64" /LIBPATH:"C:\SFML-2.3.2\extlibs\libs-msvc\x64" /LIBPATH:"C:\SFML-2.3.2\lib\Release" /LIBPATH:"C:\bullet3-2.83.6\lib" WinMM.lib openal32.lib flac.lib vorbisenc.lib vorbisfile.lib vorbis.lib ogg.lib "sfml-system-s.lib" "sfml-audio-s.lib" Bullet3Common.lib BulletSoftBody.lib BulletDynamics.lib BulletCollision.lib LinearMath.lib OpenGLWindow.lib gwen.lib kernel32.lib user32.lib gdi32.lib winspool.lib comdlg32.lib advapi32.lib shell32.lib ole32.lib oleaut32.lib uuid.lib odbc32.lib odbccp32.lib /MANIFEST /MANIFESTUAC:"level='asInvoker' uiAccess='false'" /manifest:embed /DEBUG /PDB:"C:\wamp\www\voxelquest\x64\Release\VoxelQuest.pdb" /SUBSYSTEM:CONSOLE /OPT:REF /OPT:ICF /LTCG /TLBID:1 /DYNAMICBASE /NXCOMPAT /IMPLIB:"C:\wamp\www\voxelquest\x64\Release\VoxelQuest.lib" /MACHINE:X64 x64\Release\main.obj
         Generating code
         Finished generating code
         VoxelQuest.vcxproj -> C:\wamp\www\voxelquest\x64\Release\VoxelQuest.exe
       PostBuildEvent:
         ../cleanup.bat;
         :VCEnd
         Cleanup Started
         .\x64\Release\VoxelQuest.exe
         .\x64\Release\VoxelQuest.pdb
         2 File(s) copied
         Could Not Find c:\wamp\www\voxelquest\x64\Release\*.ilk
         running EXE
         
         
         
         
         
         
         cellsPerNodeXY: 16
         cellsPerNodeZ: 8
         holdersPerBlock: 8
         cellsPerBlock: 256
         terDataBufPitchScaledXY 20
         cellsPerHolder: 32
         cellsPerWorld: 65536
         blocksPerWorld: 256
         MAX_UNIFORMS: 65536
         
         
         
         
         
         
         Unable to connect to server!
         load jv data primTemplates.js
         Loading:  ..\data\primTemplates.js         
         Load Successful          
         
         Valid JSON
                   
         load jv data materials.js
         Loading:  ..\data\materials.js         
         Load Successful          
         
         Valid JSON
                   
         load jv data primTemplates.js
         Loading:  ..\data\primTemplates.js         
         Load Successful          
         
         Valid JSON
                   
         
         Valid JSON
                   
         Video card supports GL_ARB_pixel_buffer_object.
         Video card supports WGL_EXT_swap_control.
         
         
         
         FONT LOAD
         
         
         
         
         
         FONT LOAD
         
         
         Loading:  ..\data\fonts\arial_regular_14.js         
         Load Successful          
         
         Valid JSON
                   
         Sea Level: 80
         DONE WITH MAP
         load jv data materials.js
         Loading:  ..\data\materials.js         
         Load Successful          
         
         Valid JSON
                   
         load jv data primTemplates.js
         Loading:  ..\data\primTemplates.js         
         Load Successful          
         
         Valid JSON
                   
         
         Valid JSON
                   
         Loading:  ..\data\lastJSONBufferGUI.js         
         Load Successful          
         
         Valid JSON
                   
         Loading GUI Values
         Loading:  ..\data\saves\save0\compMap.txt         
         Load Successful          
         End Loading GUI Values
         load jv data primTemplates.js
         Loading:  ..\data\primTemplates.js         
         Load Successful          
         
         Valid JSON
                   
         
         Valid JSON
                   
         Loading:  ..\data\orgdata\E_PK_T_POSE.js         
         Load Successful          
         
         Valid JSON
                   
         Loading:  ..\data\orgdata\E_PK_JUMP.js         
         Load Successful          
         
         Valid JSON
                   
         Loading:  ..\data\orgdata\E_PK_IDLE_LOW.js         
         Load Successful          
         
         Valid JSON
                   
         Loading:  ..\data\orgdata\E_PK_IDLE_HIGH.js         
         Load Successful          
         
         Valid JSON
                   
         Loading:  ..\data\orgdata\E_PK_L_FORWARD.js         
         Load Successful          
         
         Valid JSON
                   
         Loading:  ..\data\orgdata\E_PK_R_CROSS.js         
         Load Successful          
         
         Valid JSON
                   
         Loading:  ..\data\orgdata\E_PK_R_FORWARD.js         
         Load Successful          
         
         Valid JSON
                   
         Loading:  ..\data\orgdata\E_PK_L_CROSS.js         
         Load Successful          
         
         Valid JSON
                   
         GW DONE          
         curHeight 0 newHeight 2634.04
         GamePhysics:init()
         BenchmarkDemo:initPhysics()
         editPose 1
         editPose 0
         actObjInd 427
         subjectDistance 2.47696
         load jv data primTemplates.js
         Loading:  ..\data\primTemplates.js         
         Load Successful          
         
         Valid JSON
                   
         
         Valid JSON
                   
         Shaders Refreshed
         firstPerson 0
         actObjInd 427
         subjectDistance 2.4771
         editPose 1
         Loading:  ..\data\orgdata\E_PK_T_POSE.js         
         Load Successful          
         
         Valid JSON
                   
         Loaded Pose E_PK_T_POSE
         from E_DT_WORLD_OBJECT to E_DT_WORLD_OBJECT
         editPose 0
         load jv data primTemplates.js
         Loading:  ..\data\primTemplates.js         
         Load Successful          
         
         Valid JSON
                   
     1>EXEC : Shader  473  ( ../src/glsl/PrimShader.c ) compile error : 0(2582) : error C7011: implicit cast from "vec4" to "vec3"
              
     1>EXEC : Program  474  link error : Fragment info
         -------------
     1>0(2582): error C7011: implicit cast from "vec4" to "vec3"
                
         Shaders Refreshed
         load jv data primTemplates.js
         Loading:  ..\data\primTemplates.js         
         Load Successful          
         
         Valid JSON
                   
         
         Valid JSON
                   
         Shaders Refreshed
         editPose 1
         Loading:  ..\data\orgdata\E_PK_T_POSE.js         
         Load Successful          
         
         Valid JSON
                   
         Loaded Pose E_PK_T_POSE
         editPose 0
         load jv data primTemplates.js
         Loading:  ..\data\primTemplates.js         
         Load Successful          
         
         Valid JSON
                   
         
         Valid JSON
                   
         Shaders Refreshed
         editPose 1
         Loading:  ..\data\orgdata\E_PK_T_POSE.js         
         Load Successful          
         
         Valid JSON
                   
         Loaded Pose E_PK_T_POSE
         editPose 0
         editPose 1
         Loading:  ..\data\orgdata\E_PK_T_POSE.js         
         Load Successful          
         
         Valid JSON
                   
         Loaded Pose E_PK_T_POSE
         from E_DT_NOTHING to E_DT_WORLD_OBJECT
         editPose 0
         load jv data primTemplates.js
         Loading:  ..\data\primTemplates.js         
         Load Successful          
         
         Valid JSON
                   
         
         Valid JSON
                   
         Shaders Refreshed
         editPose 1
         Loading:  ..\data\orgdata\E_PK_T_POSE.js         
         Load Successful          
         
         Valid JSON
                   
         Loaded Pose E_PK_T_POSE
         editPose 0
         editPose 1
         Loading:  ..\data\orgdata\E_PK_T_POSE.js         
         Load Successful          
         
         Valid JSON
                   
         Loaded Pose E_PK_T_POSE
         Current Pose: E_PK_JUMP
         Loading:  ..\data\orgdata\E_PK_JUMP.js         
         Load Successful          
         
         Valid JSON
                   
         Loaded Pose E_PK_JUMP
         Current Pose: E_PK_IDLE_LOW
         Loading:  ..\data\orgdata\E_PK_IDLE_LOW.js         
         Load Successful          
         
         Valid JSON
                   
         Loaded Pose E_PK_IDLE_LOW
         editPose 0
         editPose 1
         Loading:  ..\data\orgdata\E_PK_IDLE_LOW.js         
         Load Successful          
         
         Valid JSON
                   
         Loaded Pose E_PK_IDLE_LOW
         Saving External JSON Values
         Save Successful          
         Save Successful          
         Save Successful          
         Save Successful          
         End Saving External JSON Values
         Saving GUI Values
         Save Successful          
         End Saving GUI Values
         Save Successful          
         Loading:  ..\data\orgdata\E_PK_IDLE_LOW.js         
         Load Successful          
         
         Valid JSON
                   
         Saved Pose E_PK_IDLE_LOW
         editPose 0
         editPose 1
         Loading:  ..\data\orgdata\E_PK_IDLE_LOW.js         
         Load Successful          
         
         Valid JSON
                   
         Loaded Pose E_PK_IDLE_LOW
         from E_DT_WORLD_OBJECT to E_DT_WORLD_OBJECT
     1>C:\Program Files (x86)\MSBuild\Microsoft.Cpp\v4.0\V110\Microsoft.CppCommon.targets(134,5): error MSB3073: The command "../cleanup.bat;
C:\Program Files (x86)\MSBuild\Microsoft.Cpp\v4.0\V110\Microsoft.CppCommon.targets(134,5): error MSB3073: :VCEnd" exited with code -1.
     1>Done Building Project "C:\wamp\www\voxelquest\VoxelQuest\VoxelQuest.vcxproj" (Build target(s)) -- FAILED.

Build FAILED.

Time Elapsed 00:21:43.05
